<?xml version="1.0" encoding="UTF-8"?>
<!-- Generated by org.testng.reporters.JUnitReportReporter -->
<testsuite hostname="Sunny-PC" name="com.autodeskcrm.orgtest.OrgTest" tests="2" failures="0" timestamp="14 May 2018 08:47:10 GMT" time="49.650" errors="0">
  <testcase name="createORgTest" time="25.833" classname="com.autodeskcrm.orgtest.OrgTest"/>
  <testcase name="createORgWithTypeTest" time="23.817" classname="com.autodeskcrm.orgtest.OrgTest"/>
</testsuite> <!-- com.autodeskcrm.orgtest.OrgTest -->
