<?xml version="1.0" encoding="UTF-8"?>
<!-- Generated by org.testng.reporters.JUnitReportReporter -->
<testsuite hostname="Admin-PC" name="com.autodeskcrm.orgtest.OrgTest" tests="2" failures="0" timestamp="14 May 2018 07:53:18 GMT" time="33.013" errors="0">
  <testcase name="createORgWithTypeTest" time="16.977" classname="com.autodeskcrm.orgtest.OrgTest"/>
  <testcase name="createORgTest" time="16.036" classname="com.autodeskcrm.orgtest.OrgTest"/>
</testsuite> <!-- com.autodeskcrm.orgtest.OrgTest -->
