<?xml version="1.0" encoding="UTF-8"?>
<!-- Generated by org.testng.reporters.JUnitReportReporter -->
<testsuite hostname="inext-PC" name="com.autodeskcrm.orgtest.CreateCampaignTest" tests="1" failures="0" timestamp="15 May 2018 08:42:40 GMT" time="105.107" errors="0">
  <testcase name="EditCampaignTest" time="105.107" classname="com.autodeskcrm.orgtest.CreateCampaignTest"/>
</testsuite> <!-- com.autodeskcrm.orgtest.CreateCampaignTest -->
