<?xml version="1.0" encoding="UTF-8"?>
<!-- Generated by org.testng.reporters.JUnitReportReporter -->
<testsuite hostname="user-PC" name="com.autodeskcrm.salesorderTest.SalesOrderTest" tests="1" failures="0" timestamp="14 May 2018 13:09:25 GMT" time="59.323" errors="0">
  <testcase name="createSalesOrderTest" time="59.323" classname="com.autodeskcrm.salesorderTest.SalesOrderTest"/>
</testsuite> <!-- com.autodeskcrm.salesorderTest.SalesOrderTest -->
