<?xml version="1.0" encoding="UTF-8"?>
<!-- Generated by org.testng.reporters.JUnitReportReporter -->
<testsuite hostname="Abhishek-PC" name="com.autodeskcrm.pricebookTest.PriceBookTest" tests="1" failures="0" timestamp="14 May 2018 12:49:51 GMT" time="16.478" errors="0">
  <testcase name="createPriceBookTest" time="16.478" classname="com.autodeskcrm.pricebookTest.PriceBookTest"/>
</testsuite> <!-- com.autodeskcrm.pricebookTest.PriceBookTest -->
