<?xml version="1.0" encoding="UTF-8"?>
<!-- Generated by org.testng.reporters.JUnitReportReporter -->
<testsuite hostname="user-PC" name="com.autodeskcrm.salesorderTest.SalesOrderTest" tests="2" failures="0" timestamp="15 May 2018 06:31:46 GMT" time="81.564" errors="0">
  <testcase name="createSalesOrderTest" time="57.470" classname="com.autodeskcrm.salesorderTest.SalesOrderTest"/>
  <testcase name="modifySalesOrderTest" time="24.094" classname="com.autodeskcrm.salesorderTest.SalesOrderTest"/>
</testsuite> <!-- com.autodeskcrm.salesorderTest.SalesOrderTest -->
