<?xml version="1.0" encoding="UTF-8"?>
<!-- Generated by org.testng.reporters.JUnitReportReporter -->
<testsuite skipped="0" hostname="Sunny-PC" name="com.f5solutioncrm.leadtest.LeadTest" tests="2" failures="0" timestamp="14 May 2018 11:21:17 GMT" time="42.107" errors="0">
  <testcase name="CreateLeadTest" time="23.608" classname="com.f5solutioncrm.leadtest.LeadTest"/>
  <testcase name="CreateLeadWithStatusTest" time="18.499" classname="com.f5solutioncrm.leadtest.LeadTest"/>
</testsuite> <!-- com.f5solutioncrm.leadtest.LeadTest -->
